<?xml version="1.0" encoding="UTF-8"?>
<testsuite xmlns:xsi="http://www.w3.org/2001/XMLSchema-instance" xsi:noNamespaceSchemaLocation="https://maven.apache.org/surefire/maven-surefire-plugin/xsd/surefire-test-report-3.0.xsd" version="3.0" name="com.denismiagkov.walletservice.application.service.serviciImpl.EntryTest" time="0.004" tests="3" errors="0" skipped="0" failures="0">
  <properties>
    <property name="java.specification.version" value="17"/>
    <property name="sun.jnu.encoding" value="UTF-8"/>
    <property name="java.class.path" value="/home/denmiagkov/Programming/YLab/part3/project_3/Wallet-Service/target/test-classes:/home/denmiagkov/Programming/YLab/part3/project_3/Wallet-Service/target/classes:/home/denmiagkov/.m2/repository/org/junit/jupiter/junit-jupiter-api/5.8.2/junit-jupiter-api-5.8.2.jar:/home/denmiagkov/.m2/repository/org/opentest4j/opentest4j/1.2.0/opentest4j-1.2.0.jar:/home/denmiagkov/.m2/repository/org/junit/platform/junit-platform-commons/1.8.2/junit-platform-commons-1.8.2.jar:/home/denmiagkov/.m2/repository/org/apiguardian/apiguardian-api/1.1.2/apiguardian-api-1.1.2.jar:/home/denmiagkov/.m2/repository/org/postgresql/postgresql/42.6.0/postgresql-42.6.0.jar:/home/denmiagkov/.m2/repository/org/checkerframework/checker-qual/3.31.0/checker-qual-3.31.0.jar:/home/denmiagkov/.m2/repository/org/liquibase/liquibase-core/4.24.0/liquibase-core-4.24.0.jar:/home/denmiagkov/.m2/repository/com/opencsv/opencsv/5.8/opencsv-5.8.jar:/home/denmiagkov/.m2/repository/org/apache/commons/commons-lang3/3.12.0/commons-lang3-3.12.0.jar:/home/denmiagkov/.m2/repository/org/apache/commons/commons-text/1.10.0/commons-text-1.10.0.jar:/home/denmiagkov/.m2/repository/org/apache/commons/commons-collections4/4.4/commons-collections4-4.4.jar:/home/denmiagkov/.m2/repository/org/yaml/snakeyaml/2.2/snakeyaml-2.2.jar:/home/denmiagkov/.m2/repository/javax/xml/bind/jaxb-api/2.3.1/jaxb-api-2.3.1.jar:/home/denmiagkov/.m2/repository/org/testcontainers/testcontainers/1.19.1/testcontainers-1.19.1.jar:/home/denmiagkov/.m2/repository/junit/junit/4.13.2/junit-4.13.2.jar:/home/denmiagkov/.m2/repository/org/hamcrest/hamcrest-core/1.3/hamcrest-core-1.3.jar:/home/denmiagkov/.m2/repository/org/slf4j/slf4j-api/1.7.36/slf4j-api-1.7.36.jar:/home/denmiagkov/.m2/repository/org/apache/commons/commons-compress/1.24.0/commons-compress-1.24.0.jar:/home/denmiagkov/.m2/repository/org/rnorth/duct-tape/duct-tape/1.0.8/duct-tape-1.0.8.jar:/home/denmiagkov/.m2/repository/org/jetbrains/annotations/17.0.0/annotations-17.0.0.jar:/home/denmiagkov/.m2/repository/com/github/docker-java/docker-java-api/3.3.3/docker-java-api-3.3.3.jar:/home/denmiagkov/.m2/repository/com/fasterxml/jackson/core/jackson-annotations/2.10.3/jackson-annotations-2.10.3.jar:/home/denmiagkov/.m2/repository/com/github/docker-java/docker-java-transport-zerodep/3.3.3/docker-java-transport-zerodep-3.3.3.jar:/home/denmiagkov/.m2/repository/com/github/docker-java/docker-java-transport/3.3.3/docker-java-transport-3.3.3.jar:/home/denmiagkov/.m2/repository/net/java/dev/jna/jna/5.12.1/jna-5.12.1.jar:/home/denmiagkov/.m2/repository/org/testcontainers/junit-jupiter/1.19.1/junit-jupiter-1.19.1.jar:/home/denmiagkov/.m2/repository/org/testcontainers/postgresql/1.19.1/postgresql-1.19.1.jar:/home/denmiagkov/.m2/repository/org/testcontainers/jdbc/1.19.1/jdbc-1.19.1.jar:/home/denmiagkov/.m2/repository/org/testcontainers/database-commons/1.19.1/database-commons-1.19.1.jar:/home/denmiagkov/.m2/repository/javax/servlet/javax.servlet-api/4.0.1/javax.servlet-api-4.0.1.jar:"/>
    <property name="java.vm.vendor" value="Oracle Corporation"/>
    <property name="sun.arch.data.model" value="64"/>
    <property name="java.vendor.url" value="https://java.oracle.com/"/>
    <property name="os.name" value="Linux"/>
    <property name="java.vm.specification.version" value="17"/>
    <property name="sun.java.launcher" value="SUN_STANDARD"/>
    <property name="user.country" value="US"/>
    <property name="sun.boot.library.path" value="/home/denmiagkov/Programming/jdk-17.0.7/lib"/>
    <property name="sun.java.command" value="/home/denmiagkov/Programming/YLab/part3/project_3/Wallet-Service/target/surefire/surefirebooter-20231021114220583_3.jar /home/denmiagkov/Programming/YLab/part3/project_3/Wallet-Service/target/surefire 2023-10-21T11-42-20_490-jvmRun1 surefire-20231021114220583_1tmp surefire_0-20231021114220583_2tmp"/>
    <property name="jdk.debug" value="release"/>
    <property name="surefire.test.class.path" value="/home/denmiagkov/Programming/YLab/part3/project_3/Wallet-Service/target/test-classes:/home/denmiagkov/Programming/YLab/part3/project_3/Wallet-Service/target/classes:/home/denmiagkov/.m2/repository/org/junit/jupiter/junit-jupiter-api/5.8.2/junit-jupiter-api-5.8.2.jar:/home/denmiagkov/.m2/repository/org/opentest4j/opentest4j/1.2.0/opentest4j-1.2.0.jar:/home/denmiagkov/.m2/repository/org/junit/platform/junit-platform-commons/1.8.2/junit-platform-commons-1.8.2.jar:/home/denmiagkov/.m2/repository/org/apiguardian/apiguardian-api/1.1.2/apiguardian-api-1.1.2.jar:/home/denmiagkov/.m2/repository/org/postgresql/postgresql/42.6.0/postgresql-42.6.0.jar:/home/denmiagkov/.m2/repository/org/checkerframework/checker-qual/3.31.0/checker-qual-3.31.0.jar:/home/denmiagkov/.m2/repository/org/liquibase/liquibase-core/4.24.0/liquibase-core-4.24.0.jar:/home/denmiagkov/.m2/repository/com/opencsv/opencsv/5.8/opencsv-5.8.jar:/home/denmiagkov/.m2/repository/org/apache/commons/commons-lang3/3.12.0/commons-lang3-3.12.0.jar:/home/denmiagkov/.m2/repository/org/apache/commons/commons-text/1.10.0/commons-text-1.10.0.jar:/home/denmiagkov/.m2/repository/org/apache/commons/commons-collections4/4.4/commons-collections4-4.4.jar:/home/denmiagkov/.m2/repository/org/yaml/snakeyaml/2.2/snakeyaml-2.2.jar:/home/denmiagkov/.m2/repository/javax/xml/bind/jaxb-api/2.3.1/jaxb-api-2.3.1.jar:/home/denmiagkov/.m2/repository/org/testcontainers/testcontainers/1.19.1/testcontainers-1.19.1.jar:/home/denmiagkov/.m2/repository/junit/junit/4.13.2/junit-4.13.2.jar:/home/denmiagkov/.m2/repository/org/hamcrest/hamcrest-core/1.3/hamcrest-core-1.3.jar:/home/denmiagkov/.m2/repository/org/slf4j/slf4j-api/1.7.36/slf4j-api-1.7.36.jar:/home/denmiagkov/.m2/repository/org/apache/commons/commons-compress/1.24.0/commons-compress-1.24.0.jar:/home/denmiagkov/.m2/repository/org/rnorth/duct-tape/duct-tape/1.0.8/duct-tape-1.0.8.jar:/home/denmiagkov/.m2/repository/org/jetbrains/annotations/17.0.0/annotations-17.0.0.jar:/home/denmiagkov/.m2/repository/com/github/docker-java/docker-java-api/3.3.3/docker-java-api-3.3.3.jar:/home/denmiagkov/.m2/repository/com/fasterxml/jackson/core/jackson-annotations/2.10.3/jackson-annotations-2.10.3.jar:/home/denmiagkov/.m2/repository/com/github/docker-java/docker-java-transport-zerodep/3.3.3/docker-java-transport-zerodep-3.3.3.jar:/home/denmiagkov/.m2/repository/com/github/docker-java/docker-java-transport/3.3.3/docker-java-transport-3.3.3.jar:/home/denmiagkov/.m2/repository/net/java/dev/jna/jna/5.12.1/jna-5.12.1.jar:/home/denmiagkov/.m2/repository/org/testcontainers/junit-jupiter/1.19.1/junit-jupiter-1.19.1.jar:/home/denmiagkov/.m2/repository/org/testcontainers/postgresql/1.19.1/postgresql-1.19.1.jar:/home/denmiagkov/.m2/repository/org/testcontainers/jdbc/1.19.1/jdbc-1.19.1.jar:/home/denmiagkov/.m2/repository/org/testcontainers/database-commons/1.19.1/database-commons-1.19.1.jar:/home/denmiagkov/.m2/repository/javax/servlet/javax.servlet-api/4.0.1/javax.servlet-api-4.0.1.jar:"/>
    <property name="sun.cpu.endian" value="little"/>
    <property name="user.home" value="/home/denmiagkov"/>
    <property name="user.language" value="en"/>
    <property name="java.specification.vendor" value="Oracle Corporation"/>
    <property name="java.version.date" value="2023-04-18"/>
    <property name="java.home" value="/home/denmiagkov/Programming/jdk-17.0.7"/>
    <property name="file.separator" value="/"/>
    <property name="basedir" value="/home/denmiagkov/Programming/YLab/part3/project_3/Wallet-Service"/>
    <property name="java.vm.compressedOopsMode" value="Zero based"/>
    <property name="line.separator" value="&#10;"/>
    <property name="java.vm.specification.vendor" value="Oracle Corporation"/>
    <property name="java.specification.name" value="Java Platform API Specification"/>
    <property name="surefire.real.class.path" value="/home/denmiagkov/Programming/YLab/part3/project_3/Wallet-Service/target/surefire/surefirebooter-20231021114220583_3.jar"/>
    <property name="sun.management.compiler" value="HotSpot 64-Bit Tiered Compilers"/>
    <property name="java.runtime.version" value="17.0.7+8-LTS-224"/>
    <property name="user.name" value="denmiagkov"/>
    <property name="path.separator" value=":"/>
    <property name="os.version" value="5.15.0-86-generic"/>
    <property name="java.runtime.name" value="Java(TM) SE Runtime Environment"/>
    <property name="file.encoding" value="UTF-8"/>
    <property name="java.vm.name" value="Java HotSpot(TM) 64-Bit Server VM"/>
    <property name="localRepository" value="/home/denmiagkov/.m2/repository"/>
    <property name="java.vendor.url.bug" value="https://bugreport.java.com/bugreport/"/>
    <property name="java.io.tmpdir" value="/tmp"/>
    <property name="idea.version" value="2022.1.2"/>
    <property name="java.version" value="17.0.7"/>
    <property name="user.dir" value="/home/denmiagkov/Programming/YLab/part3/project_3/Wallet-Service"/>
    <property name="os.arch" value="amd64"/>
    <property name="java.vm.specification.name" value="Java Virtual Machine Specification"/>
    <property name="native.encoding" value="UTF-8"/>
    <property name="java.library.path" value="/usr/java/packages/lib:/usr/lib64:/lib64:/lib:/usr/lib"/>
    <property name="java.vm.info" value="mixed mode, sharing"/>
    <property name="java.vendor" value="Oracle Corporation"/>
    <property name="java.vm.version" value="17.0.7+8-LTS-224"/>
    <property name="sun.io.unicode.encoding" value="UnicodeLittle"/>
    <property name="java.class.version" value="61.0"/>
  </properties>
  <testcase name="testEquals_true" classname="com.denismiagkov.walletservice.application.service.serviciImpl.EntryTest" time="0.0"/>
  <testcase name="testEquals_false" classname="com.denismiagkov.walletservice.application.service.serviciImpl.EntryTest" time="0.001"/>
  <testcase name="testHashCode" classname="com.denismiagkov.walletservice.application.service.serviciImpl.EntryTest" time="0.001"/>
</testsuite>